[debug] [2020-08-15T12:38:35.231Z] ----------------------------------------------------------------------
[debug] [2020-08-15T12:38:35.237Z] Command:       C:\Program Files\nodejs\node.exe C:\Users\Dell\AppData\Roaming\npm\node_modules\firebase-tools\lib\bin\firebase.js login
[debug] [2020-08-15T12:38:35.238Z] CLI Version:   8.7.0
[debug] [2020-08-15T12:38:35.238Z] Platform:      win32
[debug] [2020-08-15T12:38:35.238Z] Node Version:  v12.18.2
[debug] [2020-08-15T12:38:35.241Z] Time:          Sat Aug 15 2020 18:08:35 GMT+0530 (India Standard Time)
[debug] [2020-08-15T12:38:35.242Z] ----------------------------------------------------------------------
[debug] [2020-08-15T12:38:35.242Z] 
[info] i  Firebase optionally collects CLI usage and error reporting information to help improve our products. Data is collected in accordance with Google's privacy policy (https://policies.google.com/privacy) and is not used to identify you.
 
[info] 
[info] Visit this URL on this device to log in:
[info] https://accounts.google.com/o/oauth2/auth?client_id=563584335869-fgrhgmd47bqnekij5i8b5pr03ho849e6.apps.googleusercontent.com&scope=email%20openid%20https%3A%2F%2Fwww.googleapis.com%2Fauth%2Fcloudplatformprojects.readonly%20https%3A%2F%2Fwww.googleapis.com%2Fauth%2Ffirebase%20https%3A%2F%2Fwww.googleapis.com%2Fauth%2Fcloud-platform&response_type=code&state=993790907&redirect_uri=http%3A%2F%2Flocalhost%3A9005
[info] 
[info] Waiting for authentication...
[debug] [2020-08-15T12:38:38.353Z] Error: spawn cmd ENOENT
    at Process.ChildProcess._handle.onexit (internal/child_process.js:267:19)
    at onErrorNT (internal/child_process.js:469:16)
    at processTicksAndRejections (internal/process/task_queues.js:84:21)
[error] 
[error] Error: An unexpected error has occurred.
[debug] [2020-08-15T13:30:00.192Z] ----------------------------------------------------------------------
[debug] [2020-08-15T13:30:00.195Z] Command:       C:\Program Files\nodejs\node.exe C:\Users\Dell\AppData\Roaming\npm\node_modules\firebase-tools\lib\bin\firebase.js login
[debug] [2020-08-15T13:30:00.196Z] CLI Version:   8.7.0
[debug] [2020-08-15T13:30:00.196Z] Platform:      win32
[debug] [2020-08-15T13:30:00.196Z] Node Version:  v12.18.2
[debug] [2020-08-15T13:30:00.199Z] Time:          Sat Aug 15 2020 19:00:00 GMT+0530 (India Standard Time)
[debug] [2020-08-15T13:30:00.199Z] ----------------------------------------------------------------------
[debug] [2020-08-15T13:30:00.199Z] 
[info] i  Firebase optionally collects CLI usage and error reporting information to help improve our products. Data is collected in accordance with Google's privacy policy (https://policies.google.com/privacy) and is not used to identify you.
 
[info] 
[info] Visit this URL on this device to log in:
[info] https://accounts.google.com/o/oauth2/auth?client_id=563584335869-fgrhgmd47bqnekij5i8b5pr03ho849e6.apps.googleusercontent.com&scope=email%20openid%20https%3A%2F%2Fwww.googleapis.com%2Fauth%2Fcloudplatformprojects.readonly%20https%3A%2F%2Fwww.googleapis.com%2Fauth%2Ffirebase%20https%3A%2F%2Fwww.googleapis.com%2Fauth%2Fcloud-platform&response_type=code&state=144179982&redirect_uri=http%3A%2F%2Flocalhost%3A9005
[info] 
[info] Waiting for authentication...
[debug] [2020-08-15T13:30:04.457Z] Error: spawn cmd ENOENT
    at Process.ChildProcess._handle.onexit (internal/child_process.js:267:19)
    at onErrorNT (internal/child_process.js:469:16)
    at processTicksAndRejections (internal/process/task_queues.js:84:21)
[error] 
[error] Error: An unexpected error has occurred.
